<?xml version="1.0" encoding="UTF-8"?>
<!-- Generated by org.testng.reporters.JUnitReportReporter -->
<testsuite skipped="0" hostname="ASDP1755PO02529" name="com.hris.qa.testcases.LoginPageTest" tests="3" failures="0" timestamp="27 Jun 2018 13:01:34 GMT" time="16.408" errors="0">
  <testcase name="loginPageTitle" time="3.623" classname="com.hris.qa.testcases.LoginPageTest"/>
  <testcase name="logoImageTest" time="4.628" classname="com.hris.qa.testcases.LoginPageTest"/>
  <testcase name="loginTest" time="8.157" classname="com.hris.qa.testcases.LoginPageTest"/>
</testsuite> <!-- com.hris.qa.testcases.LoginPageTest -->
